2025-03-28 14:08:39,050 - __main__ - INFO - Loaded model from models\optimization\lightgbm_20250328_134059\optimized_lightgbm_model.pkl
2025-03-28 14:08:39,064 - __main__ - INFO - Loaded model from models\optimization\rf_20250328_114909\optimized_rf_model.pkl
2025-03-28 14:08:39,243 - __main__ - INFO - Loaded model from models\optimization\xgboost_20250328_133840\optimized_xgboost_model.pkl
2025-03-28 14:08:39,243 - __main__ - INFO - Loading data...
2025-03-28 14:08:39,243 - src.data.db - INFO - Retrieving pitcher data from database...
2025-03-28 14:08:42,562 - src.data.db - INFO - Retrieved 104453 rows of pitcher data with 53 columns
2025-03-28 14:08:42,562 - src.data.db - INFO - Retrieved 20 enhanced feature columns: last_3_games_strikeouts_std, last_5_games_strikeouts_std, last_3_games_velo_std, last_5_games_velo_std, last_3_games_swinging_strike_pct_std...
2025-03-28 14:08:42,571 - __main__ - INFO - Evaluating models on 41143 rows from years [2023, 2024]
2025-03-28 14:08:42,584 - __main__ - INFO - Split test data into 20571 validation and 20572 test rows
2025-03-28 14:08:42,672 - __main__ - INFO - lightgbm: RMSE=1.4865, MAE=1.0879, R²=0.5381, Within 2 K: 88.45%, Over/Under: 87.58%
2025-03-28 14:08:42,782 - __main__ - INFO - rf: RMSE=1.4887, MAE=1.0728, R²=0.5368, Within 2 K: 88.05%, Over/Under: 87.42%
2025-03-28 14:08:42,797 - __main__ - INFO - xgboost: RMSE=1.4824, MAE=1.0832, R²=0.5406, Within 2 K: 88.47%, Over/Under: 87.52%
2025-03-28 14:08:42,797 - __main__ - INFO - Created weighted ensemble with equal weighting: {'lightgbm': 0.3333333333333333, 'rf': 0.3333333333333333, 'xgboost': 0.3333333333333333}
2025-03-28 14:08:42,946 - __main__ - INFO - Created weighted ensemble with inverse_error weighting: {'lightgbm': np.float64(0.33316133658353403), 'rf': np.float64(0.33290848738611617), 'xgboost': np.float64(0.33393017603034975)}
2025-03-28 14:08:43,099 - __main__ - INFO - Created weighted ensemble with betting_accuracy weighting: {'lightgbm': np.float64(0.3338813358947835), 'rf': np.float64(0.33266218412886067), 'xgboost': np.float64(0.33345647997635586)}
2025-03-28 14:08:47,142 - __main__ - INFO - Created stacking ensemble
2025-03-28 14:08:47,291 - __main__ - INFO - weighted_ensemble_equal: RMSE=1.4874, MAE=1.0867, R²=0.5376, Within 2 K: 88.22%, Over/Under: 87.41%
2025-03-28 14:08:47,443 - __main__ - INFO - weighted_ensemble_inverse_error: RMSE=1.4874, MAE=1.0867, R²=0.5376, Within 2 K: 88.22%, Over/Under: 87.41%
2025-03-28 14:08:47,586 - __main__ - INFO - weighted_ensemble_betting_accuracy: RMSE=1.4874, MAE=1.0867, R²=0.5376, Within 2 K: 88.22%, Over/Under: 87.41%
2025-03-28 14:08:47,738 - __main__ - INFO - stacking_ensemble: RMSE=1.5660, MAE=1.1227, R²=0.4874, Within 2 K: 85.04%, Over/Under: 85.79%
2025-03-28 14:08:47,739 - __main__ - INFO - Best ensemble: weighted_ensemble_equal with RMSE=1.4874
2025-03-28 14:08:48,724 - __main__ - INFO - Ensemble saved to models\ensemble\best_ensemble_model.pkl
2025-03-28 14:08:48,739 - __main__ - INFO - Ensemble saved to models\strikeout_ensemble_model.pkl
2025-03-28 14:08:48,739 - __main__ - INFO - Ensemble evaluation complete!
2025-03-28 14:38:54,160 - __main__ - ERROR - Error loading model from models\optimization\*\optimized_*_model.pk1: [Errno 22] Invalid argument: 'models\\optimization\\*\\optimized_*_model.pk1'
2025-03-28 14:38:54,161 - __main__ - ERROR - No models loaded, exiting
2025-03-28 14:39:13,562 - __main__ - INFO - Loaded model from models\optimization\lightgbm_20250328_134059\optimized_lightgbm_model.pkl
2025-03-28 14:39:13,588 - __main__ - INFO - Loaded model from models\optimization\lightgbm_20250328_143539\optimized_lightgbm_model.pkl
2025-03-28 14:39:13,594 - __main__ - INFO - Loaded model from models\optimization\rf_20250328_114909\optimized_rf_model.pkl
2025-03-28 14:39:13,707 - __main__ - INFO - Loaded model from models\optimization\rf_20250328_142317\optimized_rf_model.pkl
2025-03-28 14:39:13,844 - __main__ - INFO - Loaded model from models\optimization\xgboost_20250328_133840\optimized_xgboost_model.pkl
2025-03-28 14:39:13,926 - __main__ - INFO - Loaded model from models\optimization\xgboost_20250328_143144\optimized_xgboost_model.pkl
2025-03-28 14:39:13,926 - __main__ - INFO - Loading data...
2025-03-28 14:39:13,926 - src.data.db - INFO - Retrieving pitcher data from database...
2025-03-28 14:39:17,182 - src.data.db - INFO - Retrieved 104453 rows of pitcher data with 53 columns
2025-03-28 14:39:17,182 - src.data.db - INFO - Retrieved 20 enhanced feature columns: last_3_games_strikeouts_std, last_5_games_strikeouts_std, last_3_games_velo_std, last_5_games_velo_std, last_3_games_swinging_strike_pct_std...
2025-03-28 14:39:17,190 - __main__ - INFO - Evaluating models on 41143 rows from years [2023, 2024]
2025-03-28 14:39:17,204 - __main__ - INFO - Split test data into 20571 validation and 20572 test rows
2025-03-28 14:39:17,287 - __main__ - INFO - lightgbm: RMSE=1.4865, MAE=1.0879, R²=0.5381, Within 2 K: 88.45%, Over/Under: 87.58%
2025-03-28 14:39:17,335 - __main__ - INFO - lightgbm: RMSE=1.4761, MAE=1.0587, R²=0.5446, Within 2 K: 87.16%, Over/Under: 87.44%
2025-03-28 14:39:17,443 - __main__ - INFO - rf: RMSE=1.4887, MAE=1.0728, R²=0.5368, Within 2 K: 88.05%, Over/Under: 87.42%
2025-03-28 14:39:18,038 - __main__ - INFO - rf: RMSE=1.4691, MAE=1.0544, R²=0.5489, Within 2 K: 87.39%, Over/Under: 87.45%
2025-03-28 14:39:18,051 - __main__ - INFO - xgboost: RMSE=1.4824, MAE=1.0832, R²=0.5406, Within 2 K: 88.47%, Over/Under: 87.52%
2025-03-28 14:39:18,064 - __main__ - INFO - xgboost: RMSE=1.4872, MAE=1.0653, R²=0.5377, Within 2 K: 86.88%, Over/Under: 87.49%
2025-03-28 14:39:18,064 - __main__ - INFO - Created weighted ensemble with equal weighting: {'lightgbm': 0.16666666666666666, 'rf': 0.16666666666666666, 'xgboost': 0.16666666666666666}
2025-03-28 14:39:18,869 - __main__ - INFO - Created weighted ensemble with inverse_error weighting: {'lightgbm': np.float64(0.33314784390783586), 'rf': np.float64(0.33530558963490703), 'xgboost': np.float64(0.331546566457257)}
2025-03-28 14:39:19,672 - __main__ - INFO - Created weighted ensemble with betting_accuracy weighting: {'lightgbm': np.float64(0.33324662052306403), 'rf': np.float64(0.33382264133413847), 'xgboost': np.float64(0.33293073814279744)}
2025-03-28 14:39:42,241 - __main__ - INFO - Created stacking ensemble
2025-03-28 14:39:42,963 - __main__ - INFO - weighted_ensemble_equal: RMSE=1.4756, MAE=1.0677, R²=0.5449, Within 2 K: 88.08%, Over/Under: 87.31%
2025-03-28 14:39:43,678 - __main__ - INFO - weighted_ensemble_inverse_error: RMSE=2.8843, MAE=2.1753, R²=-0.7389, Within 2 K: 55.73%, Over/Under: 31.87%
2025-03-28 14:39:44,389 - __main__ - INFO - weighted_ensemble_betting_accuracy: RMSE=2.8842, MAE=2.1753, R²=-0.7387, Within 2 K: 55.74%, Over/Under: 31.87%
2025-03-28 14:39:45,114 - __main__ - INFO - stacking_ensemble: RMSE=1.5097, MAE=1.0853, R²=0.5236, Within 2 K: 86.20%, Over/Under: 86.59%
2025-03-28 14:39:45,115 - __main__ - INFO - Best ensemble: weighted_ensemble_equal with RMSE=1.4756
2025-03-28 14:39:46,416 - __main__ - INFO - Ensemble saved to models\ensemble\best_ensemble_model.pkl
2025-03-28 14:39:46,521 - __main__ - INFO - Ensemble saved to models\strikeout_ensemble_model.pkl
2025-03-28 14:39:46,521 - __main__ - INFO - Ensemble evaluation complete!
